SF:lib/breizh_blok_auth.dart
DA:11,0
DA:16,0
DA:17,0
DA:19,0
LF:4
LH:0
end_of_record
SF:lib/src/auth_impl.dart
DA:6,1
DA:11,1
DA:14,1
DA:23,1
DA:26,3
DA:27,1
DA:30,3
DA:31,2
DA:32,5
DA:33,3
DA:34,1
DA:35,2
DA:36,2
DA:37,3
DA:39,1
DA:41,3
DA:45,1
DA:48,3
DA:49,2
DA:50,3
DA:51,1
DA:52,2
DA:53,2
DA:54,3
DA:56,1
DA:58,3
DA:62,1
DA:65,3
DA:66,3
DA:67,2
DA:68,5
DA:70,3
DA:72,3
DA:76,1
DA:77,2
DA:80,1
DA:81,1
DA:85,1
DA:92,1
DA:95,3
DA:96,3
DA:99,1
DA:100,1
DA:102,1
LF:44
LH:44
end_of_record
SF:lib/src/exceptions.dart
DA:2,1
DA:6,1
LF:2
LH:2
end_of_record
SF:lib/src/result.dart
DA:2,1
DA:4,2
DA:6,2
DA:10,1
DA:16,1
LF:5
LH:5
end_of_record
