SF:lib/data/data_sources/api/api_boulder_feedback_data_source.dart
DA:10,1
DA:16,1
DA:17,1
DA:18,1
DA:19,2
DA:20,1
DA:21,1
DA:24,1
DA:25,1
DA:26,1
DA:28,2
LF:11
LH:11
end_of_record
SF:lib/data/data_sources/api/api_client.dart
DA:10,2
DA:11,0
DA:16,2
DA:22,2
DA:24,2
DA:25,2
DA:26,2
DA:27,2
DA:29,4
DA:30,2
DA:31,4
DA:32,4
DA:42,4
DA:45,2
DA:47,1
DA:50,2
DA:52,4
DA:53,2
DA:56,0
DA:57,0
DA:58,0
DA:61,1
DA:65,2
DA:68,1
DA:75,2
DA:76,4
DA:77,8
DA:78,10
LF:28
LH:24
end_of_record
SF:lib/data/data_sources/local/app_database.g.dart
DA:11,4
DA:16,8
DA:18,4
DA:27,8
DA:29,4
DA:34,4
DA:35,12
DA:36,4
DA:37,8
DA:38,4
DA:41,4
DA:46,4
DA:47,4
DA:48,4
DA:49,4
DA:51,8
DA:52,4
DA:57,0
DA:59,4
DA:60,4
DA:62,8
DA:63,4
DA:68,0
DA:73,4
DA:74,4
DA:75,4
DA:77,2
DA:78,4
DA:79,12
DA:81,8
DA:83,12
DA:85,8
DA:90,2
DA:92,4
DA:99,4
DA:100,4
DA:102,4
DA:103,12
DA:104,12
DA:108,0
DA:109,0
DA:110,0
DA:111,0
DA:115,0
DA:119,0
DA:120,0
DA:121,0
DA:122,0
DA:125,0
DA:127,0
DA:128,0
DA:129,0
DA:130,0
DA:134,0
DA:135,0
DA:136,0
DA:138,0
DA:139,0
DA:140,0
DA:141,0
DA:142,0
DA:143,0
DA:144,0
DA:145,0
DA:149,0
DA:151,0
DA:152,0
DA:153,0
DA:154,0
DA:155,0
DA:158,0
DA:159,0
DA:160,1
DA:163,1
DA:164,3
DA:165,3
DA:172,0
DA:177,0
DA:181,0
DA:182,0
DA:183,0
DA:188,0
DA:189,0
DA:190,0
DA:191,0
DA:195,0
DA:200,0
DA:201,0
DA:202,0
DA:203,0
DA:207,0
DA:209,0
DA:210,0
DA:211,0
DA:213,0
DA:214,0
DA:216,0
DA:217,0
DA:222,0
DA:224,0
DA:225,0
DA:226,0
DA:227,0
DA:228,0
DA:229,0
DA:238,4
DA:241,8
DA:243,4
DA:252,8
DA:254,4
DA:263,8
DA:265,4
DA:269,4
DA:277,8
DA:279,4
DA:285,4
DA:286,4
DA:287,4
DA:288,4
DA:289,4
DA:290,4
DA:292,4
DA:293,8
DA:294,4
DA:297,3
DA:302,3
DA:303,3
DA:304,3
DA:305,3
DA:307,9
DA:310,0
DA:312,3
DA:313,3
DA:315,6
DA:316,3
DA:321,0
DA:323,3
DA:324,1
DA:326,3
DA:329,3
DA:330,1
DA:332,2
DA:333,1
DA:341,4
DA:342,4
DA:343,3
DA:345,2
DA:346,3
DA:347,9
DA:349,6
DA:351,9
DA:353,6
DA:355,9
DA:357,6
DA:359,9
DA:361,6
DA:366,0
DA:368,0
DA:377,4
DA:383,0
DA:385,0
DA:386,0
DA:387,0
DA:388,0
DA:389,0
DA:391,0
DA:395,0
DA:396,0
DA:397,0
DA:398,0
DA:399,0
DA:401,0
DA:402,0
DA:406,0
DA:410,0
DA:411,0
DA:412,0
DA:413,0
DA:414,0
DA:415,0
DA:418,0
DA:420,0
DA:421,0
DA:422,0
DA:423,0
DA:424,0
DA:425,0
DA:429,1
DA:434,1
DA:435,1
DA:436,1
DA:437,2
DA:438,0
DA:440,0
DA:441,0
DA:442,0
DA:443,0
DA:444,0
DA:445,0
DA:446,0
DA:447,0
DA:448,0
DA:449,0
DA:453,0
DA:455,0
DA:456,0
DA:457,0
DA:458,0
DA:459,0
DA:460,0
DA:461,0
DA:464,0
DA:466,0
DA:467,1
DA:470,1
DA:471,3
DA:472,3
DA:473,3
DA:474,3
DA:483,6
DA:490,3
DA:496,3
DA:497,3
DA:498,0
DA:505,0
DA:506,0
DA:507,0
DA:508,0
DA:509,0
DA:510,0
DA:514,0
DA:521,0
DA:522,0
DA:523,0
DA:524,0
DA:525,0
DA:526,0
DA:530,3
DA:532,3
DA:533,6
DA:534,12
DA:536,6
DA:537,12
DA:539,6
DA:540,4
DA:542,6
DA:543,4
DA:545,6
DA:546,0
DA:551,0
DA:553,0
DA:554,0
DA:555,0
DA:556,0
DA:557,0
DA:558,0
DA:559,0
DA:560,0
DA:565,8
DA:566,0
DA:567,8
DA:568,8
DA:569,0
DA:571,0
DA:572,4
DA:573,4
DA:574,4
DA:575,4
DA:577,4
DA:597,0
DA:599,0
DA:600,0
DA:601,0
DA:602,0
DA:603,0
DA:604,0
DA:608,0
DA:609,0
DA:610,0
DA:611,0
DA:612,0
DA:616,0
DA:617,0
DA:618,0
DA:625,0
DA:632,0
DA:633,0
DA:634,0
DA:637,0
DA:638,0
DA:639,0
DA:642,0
DA:645,0
DA:647,0
DA:648,0
DA:649,0
DA:651,0
DA:655,0
DA:656,0
DA:657,0
DA:664,0
DA:670,0
DA:677,0
DA:678,0
DA:679,0
DA:682,0
DA:683,0
DA:684,0
DA:690,0
DA:697,0
DA:698,0
DA:699,0
DA:702,0
DA:703,0
DA:704,0
DA:707,0
DA:710,0
DA:712,0
DA:713,0
DA:714,0
DA:716,0
DA:720,0
DA:721,0
DA:722,0
DA:729,0
DA:748,0
DA:749,0
DA:750,0
DA:753,0
DA:754,0
DA:755,0
DA:756,0
DA:757,0
DA:758,0
DA:760,0
DA:764,0
DA:770,0
DA:774,0
DA:779,0
DA:780,0
DA:781,0
DA:782,0
DA:783,0
DA:786,0
DA:787,0
DA:788,0
DA:790,0
DA:791,0
DA:794,0
DA:795,0
DA:797,0
DA:804,0
DA:805,0
DA:806,0
DA:810,0
DA:811,0
DA:812,0
DA:813,0
DA:858,0
DA:864,0
DA:865,0
DA:866,0
DA:867,0
DA:868,0
DA:872,0
DA:873,0
DA:875,0
DA:876,0
DA:877,0
DA:878,0
DA:879,0
DA:881,0
DA:882,0
DA:889,0
DA:896,0
DA:897,0
DA:898,0
DA:901,0
DA:902,0
DA:903,0
DA:906,0
DA:907,0
DA:908,0
DA:911,0
DA:912,0
DA:914,0
DA:915,0
DA:916,0
DA:918,0
DA:922,0
DA:923,0
DA:924,0
DA:937,0
DA:944,0
DA:945,0
DA:946,0
DA:949,0
DA:950,0
DA:951,0
DA:954,0
DA:955,0
DA:956,0
DA:959,0
DA:960,0
DA:962,0
DA:963,0
DA:964,0
DA:966,0
DA:970,0
DA:971,0
DA:972,0
DA:985,0
DA:992,0
DA:993,0
DA:995,0
DA:996,0
DA:997,0
DA:1000,0
DA:1001,0
DA:1002,0
DA:1005,0
DA:1006,0
DA:1008,0
DA:1009,0
DA:1010,0
DA:1012,0
DA:1016,0
DA:1017,0
DA:1018,0
DA:1044,0
DA:1047,0
DA:1048,0
DA:1051,0
DA:1052,0
DA:1053,0
DA:1054,0
DA:1055,0
DA:1056,0
DA:1058,0
DA:1064,0
DA:1072,0
DA:1078,0
DA:1085,0
DA:1086,0
DA:1087,0
DA:1088,0
DA:1089,0
DA:1092,0
DA:1093,0
DA:1094,0
DA:1096,0
DA:1112,0
DA:1115,0
DA:1117,0
DA:1119,0
DA:1122,0
DA:1123,0
DA:1130,0
DA:1131,0
DA:1156,0
DA:1157,0
DA:1158,0
DA:1159,0
DA:1160,0
LF:464
LH:125
end_of_record
SF:lib/data/data_sources/local/app_database.dart
DA:13,4
DA:15,4
DA:18,2
DA:19,6
DA:22,2
DA:23,4
DA:24,10
DA:27,0
DA:28,0
DA:31,2
DA:37,4
DA:38,4
DA:39,2
DA:40,2
DA:41,10
DA:44,2
DA:45,4
DA:47,4
DA:48,4
DA:49,4
DA:50,4
DA:54,4
DA:55,2
DA:56,4
DA:57,2
DA:58,2
DA:60,4
DA:69,2
DA:70,3
DA:71,2
DA:72,2
DA:74,2
DA:76,2
DA:77,2
DA:78,2
DA:80,1
DA:81,1
DA:82,1
DA:84,2
DA:85,1
DA:88,1
DA:89,1
DA:90,1
DA:92,2
DA:93,1
DA:97,2
DA:101,2
DA:105,1
DA:106,3
DA:107,1
DA:109,3
DA:110,1
DA:111,4
DA:112,3
DA:116,4
DA:117,4
DA:119,4
DA:120,4
DA:122,2
DA:123,2
DA:124,2
DA:126,4
DA:127,2
DA:129,2
DA:133,0
DA:134,0
DA:135,0
LF:67
LH:62
end_of_record
SF:lib/data/repositories/boulder/boulder_repository.dart
DA:12,1
DA:17,0
DA:19,0
DA:20,0
DA:23,0
DA:24,0
DA:27,1
DA:33,1
DA:34,2
DA:35,1
DA:40,0
DA:44,0
DA:45,0
DA:46,0
LF:14
LH:5
end_of_record
SF:lib/data/repositories/boulder_area/boulder_area_repository.dart
DA:10,0
DA:15,0
DA:17,0
DA:18,0
DA:22,0
DA:23,0
DA:24,0
DA:30,0
DA:34,0
LF:9
LH:0
end_of_record
SF:lib/data/repositories/boulder_marker/boulder_marker_repository.dart
DA:11,0
DA:15,0
DA:18,0
DA:19,0
DA:20,0
DA:21,0
DA:22,0
DA:25,0
DA:26,0
DA:27,0
DA:32,0
DA:35,0
DA:36,0
DA:37,0
DA:38,0
DA:39,0
DA:42,0
DA:43,0
DA:44,0
DA:49,0
DA:52,0
DA:53,0
DA:54,0
DA:56,0
DA:57,0
LF:25
LH:0
end_of_record
SF:lib/data/repositories/department/department_repository.dart
DA:13,0
DA:18,0
DA:22,0
DA:24,0
DA:25,0
DA:33,0
DA:36,0
DA:37,0
DA:38,0
DA:39,0
DA:40,0
DA:41,0
DA:46,0
DA:48,0
DA:52,0
DA:53,0
DA:54,0
LF:17
LH:0
end_of_record
SF:lib/data/repositories/downloaded_boulder_repository/downloaded_boulder_repository.dart
DA:8,0
DA:16,0
DA:20,0
DA:21,0
DA:22,0
DA:23,0
DA:24,0
DA:26,0
DA:28,0
DA:30,0
DA:33,0
DA:35,0
DA:36,0
LF:13
LH:0
end_of_record
SF:lib/data/repositories/municipality/municipality_repository.dart
DA:10,0
DA:14,0
DA:16,0
DA:17,0
DA:19,0
DA:22,0
DA:26,0
LF:7
LH:0
end_of_record
SF:lib/services/share_content/share_content_service.dart
DA:5,0
DA:7,0
LF:2
LH:0
end_of_record
SF:lib/domain/entities/boulder/boulder.dart
DA:22,5
DA:24,1
DA:25,1
DA:27,6
LF:4
LH:4
end_of_record
SF:lib/domain/entities/boulder/boulder.g.dart
DA:9,2
DA:10,1
DA:11,1
DA:12,2
DA:14,1
DA:15,3
DA:16,1
DA:18,1
DA:20,2
DA:21,1
DA:22,1
DA:24,0
DA:27,0
DA:28,0
DA:29,0
DA:30,0
DA:31,0
DA:32,0
DA:33,0
DA:34,0
LF:20
LH:11
end_of_record
SF:lib/domain/entities/boulder_area/boulder_area.dart
DA:25,6
DA:27,2
DA:28,2
DA:30,0
DA:32,1
DA:33,1
DA:34,1
DA:36,1
DA:37,1
DA:38,1
DA:41,1
DA:42,1
DA:43,1
DA:53,2
DA:54,2
DA:55,2
DA:56,2
DA:57,2
DA:59,2
DA:61,8
DA:62,1
DA:64,1
DA:67,2
DA:69,2
DA:70,2
LF:25
LH:24
end_of_record
SF:lib/domain/entities/boulder_area/boulder_area.g.dart
DA:9,4
DA:10,2
DA:11,2
DA:12,2
DA:14,2
DA:15,2
DA:17,0
DA:18,2
DA:20,0
DA:21,2
DA:22,2
DA:23,2
DA:25,0
DA:26,2
DA:28,0
DA:30,2
DA:31,0
DA:35,0
DA:36,0
DA:37,0
DA:38,0
DA:39,0
DA:40,0
DA:41,0
DA:42,0
DA:43,0
DA:44,0
DA:45,0
DA:46,0
LF:29
LH:12
end_of_record
SF:lib/domain/entities/boulder_feedback/boulder_feedback.dart
DA:15,4
LF:1
LH:1
end_of_record
SF:lib/domain/entities/boulder_marker/boulder_marker.dart
DA:12,3
DA:14,1
DA:15,1
DA:17,2
DA:18,2
DA:20,4
DA:21,2
DA:23,14
LF:8
LH:8
end_of_record
SF:lib/domain/entities/boulder_marker/boulder_marker.g.dart
DA:9,1
DA:10,1
DA:11,2
DA:12,2
DA:15,0
DA:16,0
LF:6
LH:4
end_of_record
SF:lib/domain/entities/department/department.dart
DA:15,1
DA:16,1
LF:2
LH:2
end_of_record
SF:lib/domain/entities/department/department.g.dart
DA:9,2
DA:10,1
DA:11,1
DA:13,1
DA:14,1
DA:15,1
DA:19,0
DA:20,0
DA:21,0
DA:22,0
DA:23,0
LF:11
LH:6
end_of_record
SF:lib/domain/entities/location/location.dart
DA:16,4
DA:17,4
LF:2
LH:2
end_of_record
SF:lib/domain/entities/location/location.g.dart
DA:9,8
DA:10,8
DA:11,8
DA:14,0
DA:15,0
DA:16,0
LF:6
LH:3
end_of_record
SF:lib/domain/entities/municipality/municipality.dart
DA:17,4
DA:19,1
DA:20,1
DA:22,0
DA:24,1
DA:25,1
DA:27,0
DA:28,0
DA:29,0
LF:9
LH:5
end_of_record
SF:lib/domain/entities/municipality/municipality.g.dart
DA:9,1
DA:10,1
DA:11,1
DA:12,1
DA:14,1
DA:15,0
DA:16,0
DA:18,1
DA:20,0
DA:23,0
DA:24,0
DA:25,0
DA:26,0
DA:27,0
DA:28,0
LF:15
LH:6
end_of_record
SF:lib/domain/entities/rock/rock.dart
DA:16,5
DA:18,4
DA:20,3
LF:3
LH:3
end_of_record
SF:lib/domain/entities/rock/rock.g.dart
DA:9,4
DA:10,2
DA:11,2
DA:12,2
DA:14,4
DA:17,0
DA:18,0
DA:19,0
DA:20,0
LF:9
LH:5
end_of_record
SF:lib/domain/entities/rock_marker/rock_marker.dart
DA:11,3
DA:13,1
DA:14,1
LF:3
LH:3
end_of_record
SF:lib/domain/entities/rock_marker/rock_marker.g.dart
DA:9,2
DA:10,2
DA:13,0
DA:14,0
LF:4
LH:2
end_of_record
SF:lib/ui/boulder_area/view_models/boulder_area_view_model.dart
DA:9,1
DA:10,1
DA:11,2
DA:13,1
DA:16,1
DA:17,1
DA:18,2
DA:20,2
DA:25,1
DA:31,1
DA:32,3
DA:38,5
DA:45,5
LF:13
LH:13
end_of_record
SF:lib/data/data_sources/api/extensions/dio_extension.dart
DA:5,1
DA:6,2
DA:9,1
DA:12,1
DA:13,3
LF:5
LH:5
end_of_record
SF:lib/data/mappers/api/api_boulder_feedback_mapper.dart
DA:6,5
DA:8,2
DA:11,4
DA:13,4
DA:14,6
DA:16,3
DA:17,3
DA:21,4
DA:22,4
LF:9
LH:9
end_of_record
SF:lib/domain/entities/domain_exception/domain_exception.dart
DA:7,6
LF:1
LH:1
end_of_record
SF:lib/data/data_sources/api/model/api_order_choice.dart
DA:4,2
LF:1
LH:1
end_of_record
SF:lib/data/data_sources/api/model/paginated_collection.dart
DA:2,3
DA:8,0
DA:12,0
DA:13,0
DA:14,0
DA:19,0
DA:20,0
DA:23,0
DA:25,0
DA:27,0
DA:35,1
DA:40,1
DA:41,1
DA:42,1
DA:43,1
DA:47,0
DA:48,0
DA:54,0
LF:18
LH:6
end_of_record
SF:lib/data/data_sources/api/model/iri_parser.dart
DA:2,3
DA:3,9
LF:2
LH:2
end_of_record
SF:lib/data/data_sources/api/model/request_strategy.dart
DA:2,1
LF:1
LH:1
end_of_record
SF:lib/data/data_sources/local/tables/db_boulder_areas.dart
DA:5,0
DA:6,0
DA:7,0
DA:8,0
DA:9,0
DA:10,0
DA:12,0
DA:13,0
LF:8
LH:0
end_of_record
SF:lib/data/data_sources/local/tables/db_requests.dart
DA:4,0
DA:5,0
DA:7,0
DA:8,0
LF:4
LH:0
end_of_record
SF:lib/data/repositories/api_repository_interface.dart
DA:5,0
LF:1
LH:0
end_of_record
SF:lib/data/repositories/query_param_factory.dart
DA:4,2
DA:10,2
DA:11,2
DA:12,4
DA:13,4
DA:14,2
DA:15,2
DA:17,6
DA:21,2
LF:9
LH:9
end_of_record
SF:lib/data/repositories/grade/grade_repository.dart
DA:13,0
DA:18,0
DA:22,0
DA:24,0
DA:25,0
DA:28,0
DA:31,0
DA:32,0
DA:41,0
DA:43,0
DA:47,0
DA:48,0
DA:49,0
LF:13
LH:0
end_of_record
SF:lib/domain/entities/grade/grade.dart
DA:13,4
LF:1
LH:1
end_of_record
SF:lib/domain/entities/grade/grade.g.dart
DA:9,2
DA:10,6
DA:12,0
DA:13,0
DA:14,0
LF:5
LH:2
end_of_record
SF:lib/data/services/local/download_area_service.dart
DA:12,2
DA:22,3
DA:26,1
DA:27,2
DA:29,2
DA:30,1
DA:32,1
DA:33,2
DA:40,1
DA:42,3
DA:46,1
DA:48,3
DA:52,1
DA:55,4
DA:56,5
DA:61,1
DA:62,4
DA:63,5
DA:64,4
DA:65,5
DA:68,1
DA:72,5
DA:73,3
DA:74,1
DA:76,2
DA:78,2
DA:79,3
DA:82,1
DA:83,4
DA:84,5
DA:88,1
DA:90,0
DA:94,1
DA:95,1
DA:96,3
DA:97,1
DA:98,1
DA:99,1
DA:105,3
DA:106,1
DA:107,1
DA:108,1
DA:113,4
DA:114,6
DA:121,5
DA:122,3
DA:123,1
DA:125,2
DA:129,2
DA:130,3
DA:131,1
DA:132,4
DA:133,6
DA:134,1
DA:135,1
DA:136,1
DA:137,1
DA:138,2
DA:139,1
DA:145,4
DA:146,6
DA:147,1
DA:148,1
DA:150,1
DA:154,0
DA:158,1
DA:159,1
DA:162,1
DA:164,2
DA:170,2
DA:173,1
DA:174,2
DA:175,2
DA:180,1
DA:181,2
DA:182,1
DA:187,2
DA:190,2
DA:191,2
DA:192,4
DA:194,2
DA:195,2
DA:196,2
LF:83
LH:81
end_of_record
SF:lib/domain/entities/height_boulder/height_boulder.dart
DA:14,1
DA:15,1
LF:2
LH:2
end_of_record
SF:lib/domain/entities/height_boulder/height_boulder.g.dart
DA:9,1
DA:10,1
DA:11,1
DA:12,2
DA:13,2
DA:16,0
DA:17,0
DA:18,0
DA:19,0
DA:20,0
LF:10
LH:5
end_of_record
SF:lib/domain/entities/line_boulder/line_boulder.dart
DA:15,2
DA:16,2
LF:2
LH:2
end_of_record
SF:lib/domain/entities/line_boulder/line_boulder.g.dart
DA:9,4
DA:10,2
DA:11,2
DA:12,4
DA:15,0
DA:16,0
DA:17,0
DA:18,0
DA:19,0
LF:9
LH:4
end_of_record
SF:lib/i18n/app_localizations.dart
DA:65,20
DA:66,40
DA:70,18
DA:71,18
DA:659,5
DA:661,20
DA:663,40
DA:666,19
DA:668,57
DA:670,0
DA:674,20
DA:676,20
DA:677,20
DA:678,1
DA:679,20
DA:680,20
DA:683,0
LF:17
LH:15
end_of_record
SF:lib/domain/entities/image/image.dart
DA:14,3
DA:16,6
DA:18,1
DA:19,1
DA:20,2
DA:21,2
DA:25,1
DA:26,1
DA:27,2
DA:28,2
LF:10
LH:10
end_of_record
SF:lib/domain/entities/image/image.g.dart
DA:9,6
DA:10,3
DA:11,3
DA:12,3
DA:13,2
DA:14,1
DA:17,0
DA:18,0
DA:19,0
DA:20,0
LF:10
LH:6
end_of_record
SF:lib/domain/entities/map/map_directions.dart
DA:7,3
DA:11,3
DA:12,3
DA:13,9
DA:19,3
DA:25,3
DA:28,3
DA:29,3
DA:31,3
DA:32,3
DA:33,3
DA:34,3
DA:35,3
DA:36,6
DA:37,6
DA:38,3
DA:39,3
LF:17
LH:17
end_of_record
SF:lib/extensions.dart
DA:11,0
DA:12,0
DA:14,0
DA:15,0
DA:16,0
DA:18,0
DA:22,0
DA:24,0
DA:25,0
DA:29,0
DA:30,0
DA:31,0
DA:33,0
DA:34,0
DA:35,0
DA:36,0
DA:41,0
DA:42,0
DA:43,0
DA:44,0
DA:45,0
DA:46,0
DA:48,0
DA:49,0
DA:55,0
DA:57,0
DA:59,0
DA:60,0
DA:63,0
DA:65,0
DA:66,0
DA:68,0
DA:72,0
DA:74,0
DA:77,0
DA:81,0
DA:85,0
DA:88,0
DA:89,0
DA:92,0
DA:94,0
DA:99,0
DA:100,0
DA:101,0
DA:103,0
DA:104,0
LF:46
LH:0
end_of_record
SF:lib/i18n/app_localizations_en.dart
DA:9,2
DA:11,0
DA:14,0
DA:18,0
DA:21,0
DA:23,0
DA:24,0
DA:26,0
DA:27,0
DA:28,0
DA:30,0
DA:32,0
DA:35,0
DA:38,0
DA:41,0
DA:44,0
DA:47,0
DA:50,0
DA:54,0
DA:57,0
DA:60,0
DA:63,0
DA:66,0
DA:69,0
DA:72,0
DA:75,0
DA:78,0
DA:81,0
DA:84,0
DA:87,0
DA:89,0
DA:90,0
DA:92,0
DA:94,0
DA:97,0
DA:100,0
DA:103,0
DA:106,0
DA:110,0
DA:114,0
DA:117,0
DA:120,0
DA:123,0
DA:126,0
DA:129,0
DA:132,0
DA:135,0
DA:138,0
DA:141,0
DA:144,0
DA:147,0
DA:150,0
DA:153,0
DA:155,0
DA:156,0
DA:158,0
DA:160,0
DA:163,0
DA:166,0
DA:169,0
DA:172,0
DA:175,0
DA:178,0
DA:180,0
DA:183,0
DA:186,0
DA:189,0
DA:192,0
DA:194,0
DA:195,0
DA:197,0
DA:199,0
DA:202,0
DA:205,0
DA:208,0
DA:211,0
DA:213,0
DA:214,0
DA:216,0
DA:218,0
DA:220,0
DA:224,0
DA:227,0
DA:229,0
DA:230,0
DA:232,0
DA:234,0
DA:236,0
DA:240,0
DA:243,0
DA:245,0
DA:246,0
DA:248,0
DA:250,0
DA:252,0
DA:253,0
DA:254,0
DA:256,0
DA:259,0
DA:265,0
DA:266,0
DA:268,0
DA:270,0
DA:273,0
DA:276,0
DA:279,0
DA:283,0
DA:286,0
DA:290,0
DA:293,0
DA:297,0
DA:300,0
DA:303,0
DA:306,0
DA:309,0
DA:312,0
DA:315,0
DA:321,0
DA:324,0
DA:330,0
DA:333,0
DA:338,0
DA:341,0
DA:344,0
DA:347,0
DA:350,0
DA:353,0
DA:356,0
DA:359,0
DA:362,0
DA:365,0
DA:369,0
DA:373,0
DA:376,0
DA:379,0
DA:382,0
DA:385,0
DA:388,0
LF:138
LH:1
end_of_record
SF:lib/i18n/app_localizations_fr.dart
DA:9,40
DA:11,1
DA:14,1
DA:18,0
DA:21,1
DA:23,1
DA:24,1
DA:26,1
DA:27,1
DA:28,1
DA:30,1
DA:32,1
DA:35,2
DA:38,1
DA:41,0
DA:44,1
DA:47,1
DA:50,0
DA:54,0
DA:57,0
DA:60,0
DA:63,0
DA:66,1
DA:69,1
DA:72,2
DA:75,0
DA:78,1
DA:81,1
DA:84,0
DA:87,1
DA:89,1
DA:90,1
DA:92,1
DA:94,1
DA:97,1
DA:100,1
DA:103,1
DA:106,0
DA:110,0
DA:114,0
DA:117,0
DA:120,1
DA:123,0
DA:126,0
DA:129,1
DA:132,0
DA:135,0
DA:138,1
DA:141,0
DA:144,0
DA:147,0
DA:150,2
DA:153,1
DA:155,1
DA:156,1
DA:158,1
DA:160,1
DA:163,0
DA:166,0
DA:169,2
DA:172,2
DA:175,2
DA:178,2
DA:180,2
DA:183,1
DA:186,0
DA:189,1
DA:192,1
DA:194,1
DA:195,1
DA:197,1
DA:199,1
DA:202,0
DA:205,1
DA:208,0
DA:211,1
DA:213,1
DA:214,1
DA:216,1
DA:218,1
DA:220,1
DA:224,1
DA:227,0
DA:229,0
DA:230,0
DA:232,0
DA:234,0
DA:236,0
DA:240,0
DA:243,1
DA:245,1
DA:246,1
DA:248,1
DA:250,1
DA:252,1
DA:253,1
DA:254,1
DA:256,1
DA:259,2
DA:265,2
DA:266,2
DA:268,2
DA:270,2
DA:273,0
DA:276,1
DA:279,1
DA:283,0
DA:286,0
DA:290,0
DA:293,0
DA:297,1
DA:300,0
DA:303,0
DA:306,0
DA:309,1
DA:312,3
DA:315,1
DA:321,1
DA:324,0
DA:330,0
DA:333,1
DA:338,1
DA:341,0
DA:344,2
DA:347,1
DA:350,1
DA:353,3
DA:356,2
DA:359,1
DA:362,0
DA:365,0
DA:369,0
DA:373,0
DA:376,0
DA:379,0
DA:382,1
DA:385,1
DA:388,1
LF:138
LH:89
end_of_record
SF:lib/routing/router.dart
DA:18,54
DA:19,54
DA:22,54
DA:23,54
DA:26,54
DA:30,54
DA:31,18
DA:32,0
DA:33,0
DA:35,18
DA:36,18
DA:37,18
DA:38,36
DA:39,18
DA:40,18
DA:44,0
DA:45,0
DA:46,0
DA:50,18
DA:51,18
DA:54,0
DA:55,0
DA:56,0
DA:57,0
DA:59,0
DA:65,18
DA:68,0
DA:69,0
DA:70,0
DA:71,0
DA:73,0
DA:83,18
DA:84,18
DA:85,36
DA:86,18
DA:87,18
DA:91,0
DA:92,0
DA:93,0
DA:100,18
DA:101,18
DA:102,36
DA:103,18
DA:104,18
DA:108,0
DA:109,0
DA:110,0
DA:114,18
DA:115,18
DA:118,0
DA:119,0
DA:120,0
DA:121,0
DA:123,0
DA:133,18
DA:134,18
DA:135,36
DA:136,18
DA:137,18
DA:141,0
DA:142,0
DA:143,0
DA:147,18
DA:148,18
DA:151,0
DA:152,0
DA:153,0
DA:157,18
DA:158,18
DA:161,0
DA:162,0
DA:164,0
DA:165,0
DA:169,0
DA:173,0
DA:175,0
DA:181,18
DA:184,0
DA:185,0
DA:187,0
DA:188,0
DA:192,0
DA:208,18
DA:213,18
DA:214,18
LF:85
LH:41
end_of_record
SF:lib/routing/router_observer.dart
DA:7,1
DA:9,5
DA:11,1
DA:12,1
DA:13,4
DA:14,2
DA:18,1
DA:20,1
DA:22,2
DA:23,3
DA:25,3
DA:26,1
DA:31,1
DA:33,1
DA:35,2
DA:36,3
DA:38,3
DA:39,1
LF:18
LH:18
end_of_record
SF:lib/ui/boulder/widgets/boulder_details_screen.dart
DA:12,0
DA:23,1
DA:25,1
DA:27,2
DA:28,1
DA:29,1
DA:31,1
DA:32,1
DA:34,1
DA:35,3
DA:36,0
DA:37,0
DA:39,0
DA:40,0
DA:41,0
LF:15
LH:9
end_of_record
SF:lib/ui/boulder/widgets/boulder_list_screen.dart
DA:11,5
DA:15,0
DA:17,0
DA:19,0
DA:20,0
DA:21,0
DA:22,0
DA:24,0
DA:25,0
DA:26,0
DA:27,0
DA:30,0
LF:12
LH:1
end_of_record
SF:lib/ui/boulder_area/widgets/boulder_area_details_screen.dart
DA:15,0
DA:26,0
DA:28,0
DA:30,0
DA:31,0
DA:32,0
DA:34,0
DA:35,0
DA:37,0
DA:38,0
DA:39,0
DA:40,0
DA:42,0
DA:43,0
DA:46,0
DA:48,0
DA:49,0
DA:53,0
DA:55,0
DA:56,0
DA:58,0
DA:59,0
DA:60,0
LF:23
LH:0
end_of_record
SF:lib/ui/core/widgets/scaffold_nested_navigation.dart
DA:7,0
DA:8,0
DA:12,0
DA:13,0
DA:15,0
DA:19,0
DA:21,0
DA:22,0
DA:23,0
DA:24,0
DA:25,0
DA:26,0
DA:28,0
DA:30,0
DA:32,0
DA:34,0
DA:36,0
DA:38,0
DA:40,0
DA:43,0
LF:20
LH:0
end_of_record
SF:lib/ui/department/widgets/department_list_screen.dart
DA:11,5
DA:15,0
DA:17,0
DA:18,0
DA:19,0
DA:20,0
DA:24,0
DA:26,0
DA:27,0
DA:29,0
DA:30,0
DA:32,0
DA:35,0
DA:36,0
DA:37,0
DA:38,0
DA:40,0
DA:41,0
DA:42,0
DA:43,0
DA:44,0
DA:45,0
DA:48,0
DA:49,0
DA:50,0
DA:52,0
DA:53,0
DA:55,0
DA:57,0
DA:58,0
DA:68,0
DA:69,0
DA:70,0
LF:33
LH:1
end_of_record
SF:lib/ui/download/widgets/downloaded_boulder_area_details_screen.dart
DA:15,0
DA:26,0
DA:28,0
DA:30,0
DA:31,0
DA:32,0
DA:34,0
DA:38,0
DA:40,0
DA:41,0
DA:42,0
DA:43,0
DA:45,0
DA:46,0
DA:49,0
DA:51,0
DA:52,0
DA:56,0
DA:58,0
DA:59,0
DA:61,0
DA:62,0
DA:63,0
LF:23
LH:0
end_of_record
SF:lib/ui/download/widgets/downloaded_boulder_areas_screen.dart
DA:15,5
DA:19,1
DA:21,1
DA:22,1
DA:23,1
DA:24,2
DA:28,1
DA:30,2
DA:31,2
DA:33,1
DA:37,1
DA:39,1
DA:42,1
DA:43,1
DA:44,1
DA:46,1
DA:47,1
DA:48,1
DA:49,2
DA:50,2
DA:53,1
DA:54,1
DA:55,1
DA:56,1
DA:57,1
DA:58,1
DA:59,1
DA:61,1
DA:63,1
DA:66,1
DA:68,1
DA:74,1
DA:75,3
DA:76,3
DA:77,1
DA:78,2
DA:81,0
DA:82,0
DA:84,0
DA:86,0
DA:87,0
DA:88,0
DA:97,0
DA:98,0
DA:100,0
DA:101,0
DA:102,0
DA:103,0
LF:48
LH:36
end_of_record
SF:lib/ui/download/widgets/downloaded_boulder_details_screen.dart
DA:10,0
DA:27,0
DA:29,0
DA:31,0
DA:32,0
DA:33,0
DA:34,0
DA:36,0
DA:37,0
DA:39,0
DA:40,0
DA:43,0
DA:44,0
DA:45,0
LF:14
LH:0
end_of_record
SF:lib/ui/map/widgets/map_screen.dart
DA:20,5
DA:24,1
DA:26,1
DA:27,1
DA:29,2
DA:30,1
DA:32,1
DA:33,1
DA:34,1
DA:35,1
DA:36,0
DA:39,1
DA:40,1
DA:42,1
DA:43,1
DA:44,1
DA:46,1
DA:47,1
DA:53,0
DA:54,0
DA:55,0
DA:58,0
DA:59,0
DA:60,0
DA:63,0
DA:64,0
DA:73,0
DA:76,0
DA:80,0
DA:82,0
DA:83,0
DA:87,0
DA:90,0
DA:91,0
DA:92,0
DA:93,0
DA:94,0
DA:95,0
DA:97,0
DA:102,0
DA:103,0
DA:106,0
DA:109,0
DA:110,0
DA:112,0
DA:129,1
DA:130,1
DA:138,1
DA:139,1
DA:140,1
DA:141,1
DA:143,1
DA:147,1
DA:148,1
DA:149,1
DA:150,2
DA:151,1
DA:154,3
LF:58
LH:30
end_of_record
SF:lib/ui/municipality/widgets/municipality_details_screen.dart
DA:12,0
DA:23,0
DA:25,0
DA:27,0
DA:28,0
DA:29,0
DA:31,0
DA:32,0
DA:34,0
DA:35,0
DA:38,0
DA:39,0
DA:41,0
DA:42,0
DA:43,0
LF:15
LH:0
end_of_record
SF:lib/ui/profile/widgets/profile_screen.dart
DA:10,5
DA:14,0
DA:16,0
DA:17,0
DA:18,0
DA:19,0
DA:23,0
DA:24,0
DA:25,0
DA:26,0
DA:28,0
DA:29,0
DA:32,0
DA:33,0
DA:35,0
DA:36,0
DA:37,0
DA:39,0
DA:40,0
DA:41,0
DA:42,0
DA:47,0
DA:48,0
DA:49,0
DA:50,0
DA:51,0
DA:53,0
DA:54,0
LF:28
LH:1
end_of_record
SF:lib/services/tracking/tracking_service.dart
DA:5,2
DA:9,6
DA:11,2
DA:15,2
LF:4
LH:4
end_of_record
SF:lib/ui/boulder/forms/contribute_boulder_location_form.dart
DA:6,4
DA:11,8
DA:12,4
DA:13,4
DA:14,4
DA:15,4
DA:16,8
DA:20,4
DA:21,4
DA:22,4
DA:23,4
DA:24,8
DA:35,3
DA:36,9
DA:39,3
DA:40,9
DA:43,4
DA:44,4
DA:45,8
DA:46,4
DA:48,8
DA:50,4
DA:52,8
LF:23
LH:23
end_of_record
SF:lib/ui/core/validators/must_validate_control.dart
DA:4,4
DA:5,4
DA:10,4
DA:14,8
DA:16,8
LF:5
LH:5
end_of_record
SF:lib/ui/core/validators/not_equal_validator.dart
DA:4,10
DA:8,5
DA:10,15
DA:12,5
DA:13,10
LF:5
LH:5
end_of_record
SF:lib/ui/boulder/forms/contribute_boulder_message_form.dart
DA:4,2
DA:5,4
DA:6,2
DA:7,4
DA:13,1
DA:14,3
LF:6
LH:6
end_of_record
SF:lib/ui/boulder/view_models/boulder_bloc.dart
DA:13,2
DA:14,1
DA:15,0
DA:16,0
DA:17,0
DA:20,0
DA:22,0
DA:24,0
DA:25,0
DA:26,0
DA:28,0
DA:29,0
DA:32,0
DA:33,0
DA:36,0
DA:37,0
DA:41,0
DA:42,0
DA:44,0
DA:48,2
DA:50,1
DA:51,1
DA:54,2
DA:60,1
DA:62,3
DA:63,3
DA:64,3
DA:65,1
DA:68,3
DA:69,1
DA:71,3
DA:72,1
DA:75,1
DA:81,3
DA:83,2
DA:85,2
DA:91,1
DA:92,1
DA:96,1
DA:102,1
DA:107,1
DA:109,1
DA:110,1
DA:111,1
DA:113,1
DA:114,1
DA:115,1
DA:123,1
DA:125,3
DA:132,0
DA:149,1
LF:51
LH:33
end_of_record
SF:lib/ui/boulder/view_models/boulder_filter_bloc.dart
DA:8,1
DA:9,2
DA:10,5
DA:13,2
DA:14,5
DA:22,1
DA:28,1
LF:7
LH:7
end_of_record
SF:lib/ui/boulder/view_models/boulder_filter_grade_bloc.dart
DA:9,2
DA:10,2
DA:11,8
DA:17,2
LF:4
LH:4
end_of_record
SF:lib/ui/boulder/view_models/boulder_map_view_model.dart
DA:11,2
DA:12,2
DA:14,1
DA:16,1
DA:17,1
DA:18,1
DA:20,1
DA:22,1
DA:23,1
DA:26,1
DA:27,3
DA:28,2
DA:37,1
DA:45,5
DA:52,6
LF:15
LH:15
end_of_record
SF:lib/ui/boulder/view_models/boulder_message_feedback_view_model.dart
DA:12,1
DA:16,1
DA:17,1
DA:24,2
DA:25,3
DA:26,3
DA:29,1
DA:30,1
DA:31,2
DA:38,1
DA:39,1
DA:40,5
DA:42,1
DA:44,1
DA:45,1
DA:46,1
DA:47,1
DA:48,2
DA:55,1
DA:56,1
DA:57,1
DA:58,1
LF:22
LH:22
end_of_record
SF:lib/ui/boulder/view_models/boulder_order_bloc.dart
DA:5,1
DA:6,1
DA:7,1
DA:8,2
DA:15,1
LF:5
LH:5
end_of_record
SF:lib/ui/boulder/view_models/boulder_view_model.dart
DA:9,2
DA:10,2
DA:11,4
DA:13,2
DA:16,2
DA:17,2
DA:18,4
DA:20,2
DA:25,2
DA:31,2
DA:32,6
DA:38,5
DA:45,7
LF:13
LH:13
end_of_record
SF:lib/ui/boulder/view_models/contribute_boulder_map_view_model.dart
DA:13,3
DA:17,3
DA:18,3
DA:25,4
DA:27,1
DA:28,3
DA:29,3
DA:32,1
DA:33,1
DA:34,2
DA:41,1
DA:42,1
DA:43,1
DA:44,1
DA:45,1
DA:46,3
DA:47,3
DA:51,1
DA:53,1
DA:54,1
DA:55,1
DA:56,1
DA:57,2
DA:64,1
DA:65,1
DA:66,1
DA:67,1
DA:68,3
DA:69,3
DA:78,2
DA:79,1
DA:80,1
DA:81,1
DA:82,1
DA:83,2
DA:84,1
DA:85,1
DA:86,1
DA:87,1
DA:101,1
DA:107,1
LF:41
LH:41
end_of_record
SF:lib/ui/boulder/widgets/boulder_details_associated.dart
DA:16,1
DA:20,1
DA:22,1
DA:27,1
DA:28,2
DA:29,2
DA:30,1
DA:31,1
DA:32,5
DA:33,1
DA:38,0
DA:39,0
DA:40,0
DA:41,0
DA:42,0
DA:43,0
DA:45,0
DA:48,0
DA:49,0
DA:53,0
DA:56,0
DA:57,0
DA:59,0
DA:61,0
DA:62,0
DA:65,0
DA:66,0
DA:68,0
DA:69,0
DA:70,0
DA:75,1
DA:77,1
DA:78,1
DA:79,1
DA:80,1
DA:81,1
DA:82,1
DA:84,3
DA:85,1
DA:88,0
DA:90,0
DA:92,0
DA:94,0
DA:95,0
DA:97,0
DA:98,0
DA:101,0
DA:102,0
DA:103,0
DA:106,1
DA:107,0
DA:109,0
DA:110,0
DA:111,0
DA:126,1
LF:55
LH:21
end_of_record
SF:lib/ui/boulder/widgets/boulder_details_associated_item.dart
DA:12,0
DA:16,0
DA:18,0
DA:19,0
DA:20,0
DA:21,0
DA:26,0
DA:28,0
DA:32,0
DA:36,0
DA:37,0
DA:40,0
DA:42,0
DA:43,0
DA:45,0
DA:46,0
DA:47,0
DA:48,0
DA:50,0
DA:52,0
LF:20
LH:0
end_of_record
SF:lib/ui/core/widgets/boulder_tile_image.dart
DA:6,0
DA:10,0
DA:14,0
DA:15,0
DA:17,0
DA:18,0
DA:19,0
LF:7
LH:0
end_of_record
SF:lib/ui/core/widgets/boulder_tile_title.dart
DA:5,0
DA:9,0
DA:11,0
DA:12,0
DA:13,0
DA:14,0
DA:15,0
DA:18,0
DA:19,0
DA:20,0
LF:10
LH:0
end_of_record
SF:lib/ui/boulder/widgets/boulder_details_height.dart
DA:6,0
DA:10,1
DA:12,1
DA:13,1
DA:14,2
DA:15,2
DA:16,1
DA:17,1
DA:21,1
DA:23,1
DA:26,5
LF:11
LH:10
end_of_record
SF:lib/ui/boulder/widgets/boulder_details_line_boulders.dart
DA:9,1
DA:13,1
DA:15,1
DA:17,1
DA:18,1
DA:19,1
DA:20,1
DA:21,0
DA:23,0
DA:24,0
DA:25,0
DA:29,1
DA:33,0
DA:34,0
DA:36,0
DA:38,0
DA:39,0
DA:48,0
DA:49,0
DA:56,0
DA:58,0
DA:65,0
DA:66,0
DA:67,0
DA:71,0
DA:73,0
DA:74,0
DA:75,0
DA:76,0
DA:77,0
DA:79,0
DA:81,0
DA:82,0
DA:84,0
DA:85,0
DA:86,0
DA:87,0
DA:88,0
DA:90,0
DA:92,0
DA:93,0
DA:97,0
DA:100,0
DA:103,0
DA:104,0
DA:105,0
DA:107,0
DA:118,0
DA:119,0
DA:120,0
DA:121,0
DA:122,0
DA:123,0
DA:126,0
DA:128,0
DA:130,0
DA:131,0
DA:132,0
LF:58
LH:8
end_of_record
SF:lib/ui/core/widgets/line_boulder_image.dart
DA:13,0
DA:16,0
DA:18,0
DA:19,0
DA:20,0
DA:24,0
DA:25,0
DA:26,0
DA:28,0
DA:32,0
DA:33,0
DA:36,0
DA:37,0
DA:38,0
DA:39,0
DA:40,0
DA:41,0
DA:42,0
DA:47,0
DA:48,0
DA:49,0
DA:50,0
DA:51,0
DA:52,0
DA:54,0
DA:55,0
DA:56,0
DA:58,0
DA:59,0
DA:61,0
DA:68,0
DA:73,0
DA:79,0
DA:81,0
DA:82,0
LF:35
LH:0
end_of_record
SF:lib/ui/boulder/widgets/boulder_details_map_tab.dart
DA:12,1
DA:16,0
DA:17,0
DA:22,0
DA:24,0
DA:25,0
DA:26,0
DA:27,0
DA:29,0
DA:30,0
DA:31,0
DA:32,0
DA:33,0
DA:35,0
DA:38,0
DA:39,0
DA:41,0
DA:42,0
DA:43,0
DA:44,0
DA:48,0
DA:50,0
DA:51,0
DA:53,0
DA:56,0
DA:60,0
DA:61,0
DA:62,0
DA:63,0
DA:64,0
DA:72,0
DA:73,0
DA:74,0
DA:75,0
DA:84,0
DA:86,0
DA:87,0
DA:88,0
DA:89,0
DA:90,0
DA:97,0
LF:41
LH:1
end_of_record
SF:lib/ui/core/widgets/map_launcher_button.dart
DA:8,0
DA:19,1
DA:21,1
DA:22,1
DA:23,1
DA:24,4
DA:25,1
DA:27,1
DA:30,2
DA:32,1
DA:33,1
DA:34,1
DA:35,1
DA:39,4
LF:14
LH:13
end_of_record
SF:lib/ui/core/widgets/my_map.dart
DA:10,3
DA:25,3
DA:26,3
DA:35,6
DA:36,9
DA:37,9
DA:41,3
DA:43,3
DA:44,6
DA:49,3
DA:51,3
DA:52,3
DA:53,3
DA:54,3
DA:55,3
DA:56,3
DA:57,6
DA:61,3
DA:62,0
DA:64,0
DA:65,0
DA:67,0
DA:68,0
DA:70,0
DA:72,0
DA:75,0
DA:78,0
DA:80,0
DA:82,0
DA:88,0
DA:91,0
DA:94,0
DA:96,0
DA:98,0
DA:104,0
DA:107,0
DA:112,0
DA:115,0
DA:117,0
DA:121,0
DA:124,0
DA:125,0
DA:126,0
DA:127,0
DA:128,0
DA:130,0
DA:131,0
DA:138,0
DA:139,0
DA:142,0
DA:143,0
DA:144,0
DA:147,0
DA:148,0
DA:155,0
DA:156,0
LF:56
LH:18
end_of_record
SF:lib/ui/core/widgets/boulder_details_view.dart
DA:10,1
DA:14,1
DA:15,1
DA:20,1
DA:22,2
DA:25,1
DA:28,2
DA:29,0
DA:30,0
DA:31,0
DA:35,1
DA:42,1
DA:44,2
DA:45,1
DA:48,1
DA:50,1
DA:52,1
DA:53,2
DA:54,2
DA:57,1
DA:58,1
DA:59,1
DA:60,1
DA:61,3
DA:65,1
DA:66,1
DA:67,2
DA:68,3
DA:69,5
DA:70,4
DA:74,2
DA:76,1
DA:77,1
DA:78,1
DA:79,3
DA:80,3
LF:36
LH:33
end_of_record
SF:lib/ui/core/widgets/error_screen.dart
DA:7,0
DA:13,0
DA:15,0
DA:16,0
DA:19,0
DA:20,0
DA:21,0
LF:7
LH:0
end_of_record
SF:lib/ui/core/widgets/loading_screen.dart
DA:4,5
DA:6,1
DA:8,1
DA:9,1
LF:4
LH:4
end_of_record
SF:lib/ui/core/widgets/not_found_screen.dart
DA:7,5
DA:9,0
DA:11,0
DA:12,0
DA:13,0
DA:15,0
DA:17,0
DA:20,0
DA:21,0
DA:28,0
DA:29,0
DA:33,0
DA:34,0
DA:35,0
DA:37,0
LF:15
LH:1
end_of_record
SF:lib/ui/boulder/widgets/boulder_details_tab.dart
DA:21,1
DA:25,1
DA:27,2
DA:28,2
DA:29,2
DA:30,2
DA:31,4
DA:32,1
DA:34,1
DA:36,1
DA:38,1
DA:39,3
DA:41,0
DA:42,0
DA:43,0
DA:46,0
DA:47,0
DA:48,0
DA:50,0
DA:52,0
DA:53,0
DA:54,0
DA:59,0
DA:60,0
DA:62,0
DA:64,0
DA:69,1
DA:70,5
DA:71,3
DA:73,0
DA:78,0
DA:80,0
DA:83,0
DA:84,0
DA:90,1
DA:92,1
DA:93,1
DA:95,2
DA:96,1
DA:98,2
DA:99,1
DA:101,1
DA:102,1
DA:103,1
DA:105,2
DA:107,1
DA:108,1
DA:110,1
DA:112,2
DA:117,1
DA:118,2
DA:127,2
DA:128,1
LF:53
LH:34
end_of_record
SF:lib/ui/boulder/widgets/contribute/contribute_boulder_screen.dart
DA:14,1
DA:18,2
DA:20,2
DA:21,2
DA:22,2
DA:23,2
DA:24,4
DA:25,2
DA:26,4
DA:30,2
DA:31,2
DA:32,2
DA:34,4
DA:35,1
DA:36,1
DA:38,1
DA:40,1
DA:41,1
DA:43,1
DA:44,2
DA:50,2
DA:52,4
DA:53,1
DA:54,1
DA:56,1
DA:58,2
DA:59,1
DA:60,1
DA:61,4
DA:62,4
DA:65,2
DA:66,1
LF:32
LH:32
end_of_record
SF:lib/ui/boulder/widgets/boulder_list_app_bar.dart
DA:5,5
DA:9,0
DA:12,0
DA:14,0
LF:4
LH:1
end_of_record
SF:lib/ui/boulder/widgets/boulder_list_app_bar_search_field.dart
DA:7,5
DA:9,0
DA:11,0
DA:20,0
DA:22,0
DA:23,0
DA:24,0
DA:25,0
DA:26,0
DA:27,0
DA:29,0
DA:35,0
DA:37,0
DA:38,0
DA:39,0
DA:42,0
DA:44,0
DA:45,0
DA:48,0
DA:50,0
DA:52,0
DA:54,0
DA:55,0
DA:57,0
DA:58,0
DA:60,0
DA:61,0
DA:62,0
DA:64,0
DA:65,0
DA:66,0
DA:67,0
LF:32
LH:1
end_of_record
SF:lib/ui/core/widgets/boulder_list_builder.dart
DA:23,0
DA:40,0
DA:41,0
DA:51,0
DA:53,0
DA:55,0
DA:56,0
DA:59,0
DA:62,0
DA:63,0
DA:64,0
DA:65,0
DA:67,0
DA:68,0
DA:69,0
DA:70,0
DA:75,0
DA:78,0
DA:80,0
DA:81,0
DA:82,0
DA:85,0
DA:87,0
DA:88,0
DA:89,0
DA:90,0
DA:91,0
DA:92,0
DA:93,0
DA:96,0
DA:97,0
DA:98,0
DA:101,0
DA:102,0
DA:103,0
DA:106,0
DA:107,0
DA:108,0
DA:109,0
DA:111,0
DA:112,0
DA:113,0
DA:114,0
DA:116,0
DA:120,0
DA:122,0
DA:125,0
DA:126,0
DA:127,0
DA:128,0
DA:129,0
DA:130,0
DA:132,0
DA:133,0
DA:141,0
DA:142,0
DA:144,0
DA:146,0
DA:147,0
DA:148,0
DA:149,0
DA:151,0
DA:152,0
DA:154,0
DA:155,0
DA:157,0
DA:158,0
DA:159,0
DA:160,0
DA:161,0
DA:163,0
DA:164,0
DA:165,0
DA:166,0
DA:168,0
DA:171,0
DA:177,0
DA:178,0
DA:179,0
DA:188,0
DA:189,0
DA:190,0
DA:191,0
LF:83
LH:0
end_of_record
SF:lib/ui/boulder/widgets/contribute/boulder_message_form_screen.dart
DA:12,1
DA:16,1
DA:18,1
DA:19,1
DA:20,1
DA:21,1
DA:22,2
DA:23,2
DA:24,4
DA:28,1
DA:29,1
DA:30,1
DA:31,1
DA:35,1
DA:39,1
DA:40,2
DA:41,1
DA:42,2
DA:46,1
DA:47,1
DA:50,1
DA:51,2
DA:52,3
DA:56,1
DA:57,1
DA:58,1
DA:59,1
DA:61,1
DA:62,1
DA:63,1
DA:69,1
DA:71,3
DA:81,1
DA:82,1
DA:86,1
DA:87,1
DA:90,1
DA:91,2
DA:92,1
DA:93,1
DA:95,1
DA:97,1
DA:98,1
DA:100,2
DA:102,1
DA:103,1
DA:105,1
DA:107,1
DA:109,1
DA:110,2
DA:112,2
LF:51
LH:51
end_of_record
SF:lib/ui/core/widgets/form_spinner.dart
DA:4,5
DA:6,1
LF:2
LH:2
end_of_record
SF:lib/ui/boulder/widgets/contribute/contribute_boulder_map_screen.dart
DA:14,2
DA:18,2
DA:20,2
DA:22,2
DA:23,2
DA:24,6
DA:26,2
DA:27,2
DA:28,2
DA:32,0
DA:33,0
DA:34,0
DA:35,0
DA:36,0
DA:37,0
DA:42,0
DA:43,0
DA:46,0
DA:47,0
DA:48,0
DA:52,2
DA:53,2
DA:54,2
DA:55,2
DA:56,2
DA:57,2
DA:58,2
DA:59,2
DA:60,6
DA:64,2
DA:65,2
DA:67,2
DA:68,2
DA:69,2
DA:71,2
DA:72,2
DA:73,10
DA:74,10
DA:78,0
DA:80,0
DA:81,0
DA:83,0
DA:87,0
DA:92,0
DA:93,0
DA:94,0
DA:95,0
DA:96,0
DA:105,0
DA:108,0
DA:109,0
DA:110,0
DA:111,0
DA:112,0
DA:114,0
DA:115,0
DA:118,0
DA:119,0
DA:121,0
DA:122,0
DA:132,2
DA:134,2
DA:136,2
DA:137,2
DA:138,2
DA:140,2
DA:141,4
DA:142,2
DA:143,2
DA:144,2
DA:145,6
DA:147,2
DA:148,2
DA:149,2
DA:150,2
DA:157,2
DA:158,2
DA:160,2
DA:161,2
DA:162,2
DA:165,2
DA:166,2
DA:167,2
DA:168,6
DA:170,2
DA:171,2
DA:172,2
DA:173,2
DA:184,2
DA:186,2
DA:189,2
DA:190,2
DA:191,0
DA:192,2
DA:193,2
DA:194,2
DA:196,4
DA:197,0
DA:199,0
DA:202,0
DA:205,4
LF:101
LH:64
end_of_record
SF:lib/ui/boulder_area/view_models/boulder_area_map_view_model.dart
DA:15,1
DA:18,1
DA:19,2
DA:21,1
DA:24,3
DA:25,1
DA:26,2
DA:27,1
DA:31,2
DA:32,1
DA:33,1
DA:35,1
DA:37,1
DA:38,1
DA:42,1
DA:46,5
DA:50,1
DA:57,1
DA:62,1
DA:68,1
DA:71,1
DA:76,1
DA:78,1
DA:79,2
DA:88,5
DA:95,5
LF:26
LH:26
end_of_record
SF:lib/ui/boulder_area/widgets/boulder_area_details.dart
DA:12,0
DA:15,0
DA:17,0
DA:18,0
DA:23,0
DA:25,0
DA:28,0
DA:31,0
DA:32,0
DA:33,0
DA:34,0
DA:38,0
DA:45,0
DA:47,0
DA:48,0
DA:51,0
DA:53,0
DA:55,0
DA:56,0
DA:57,0
DA:58,0
DA:61,0
DA:63,0
DA:64,0
DA:66,0
DA:67,0
DA:68,0
DA:69,0
DA:70,0
DA:71,0
DA:72,0
DA:76,0
DA:82,0
DA:83,0
DA:84,0
DA:85,0
DA:86,0
DA:87,0
DA:91,0
DA:93,0
DA:94,0
DA:95,0
DA:96,0
DA:97,0
DA:98,0
LF:45
LH:0
end_of_record
SF:lib/ui/boulder_area/widgets/boulder_area_details_description_tab.dart
DA:7,1
DA:14,1
DA:16,1
DA:22,1
DA:23,5
DA:24,2
DA:28,1
DA:30,1
DA:32,3
DA:34,1
DA:36,1
DA:37,1
DA:38,1
DA:39,3
DA:40,0
DA:42,0
DA:44,0
DA:48,1
DA:50,1
DA:53,1
DA:55,1
DA:56,0
DA:65,1
LF:23
LH:19
end_of_record
SF:lib/ui/boulder_area/widgets/boulder_area_details_list_tab.dart
DA:13,0
DA:17,0
DA:19,0
DA:24,0
DA:26,0
DA:27,0
DA:28,0
DA:29,0
DA:30,0
DA:31,0
DA:33,0
DA:34,0
DA:35,0
DA:41,0
DA:42,0
DA:44,0
DA:45,0
DA:50,0
DA:55,0
LF:19
LH:0
end_of_record
SF:lib/ui/boulder_area/widgets/boulder_area_details_map_tab.dart
DA:22,0
DA:26,0
DA:28,0
DA:33,0
DA:34,0
DA:37,0
DA:39,0
DA:40,0
DA:42,0
DA:43,0
DA:45,0
DA:46,0
DA:47,0
DA:48,0
DA:51,0
DA:52,0
DA:54,0
DA:57,0
DA:58,0
DA:59,0
DA:61,0
DA:62,0
DA:63,0
DA:64,0
DA:68,0
DA:70,0
DA:73,0
DA:74,0
DA:76,0
DA:79,0
DA:83,0
DA:84,0
DA:85,0
DA:86,0
DA:87,0
DA:95,0
DA:98,0
DA:99,0
DA:100,0
DA:105,0
DA:106,0
DA:108,0
DA:109,0
DA:118,0
DA:121,0
DA:125,0
DA:127,0
DA:132,0
DA:134,0
DA:137,0
DA:138,0
DA:140,0
DA:141,0
DA:142,0
DA:143,0
DA:144,0
DA:146,0
DA:151,0
DA:152,0
DA:155,0
DA:158,0
DA:159,0
DA:162,0
DA:163,0
DA:168,0
DA:185,0
DA:186,0
DA:188,0
DA:189,0
DA:190,0
DA:192,0
DA:194,0
DA:195,0
DA:196,0
DA:200,0
DA:209,0
DA:211,0
DA:212,0
DA:219,0
LF:79
LH:0
end_of_record
SF:lib/ui/core/widgets/share_button.dart
DA:7,2
DA:11,3
DA:13,3
DA:14,3
DA:16,6
DA:18,1
DA:19,3
LF:7
LH:7
end_of_record
SF:lib/ui/core/widgets/my_bar_chart.dart
DA:6,1
DA:11,2
DA:13,4
DA:14,4
DA:15,2
DA:16,4
DA:19,2
DA:20,2
DA:21,2
DA:22,2
DA:23,2
DA:25,2
DA:26,2
DA:27,2
DA:28,4
DA:29,2
DA:30,4
DA:33,6
DA:41,4
DA:43,2
DA:44,2
DA:48,2
DA:54,2
DA:55,6
DA:62,2
DA:63,2
DA:64,2
DA:65,2
DA:68,2
DA:71,2
DA:74,6
DA:85,4
DA:87,2
DA:93,2
DA:94,2
DA:95,6
DA:96,2
DA:97,2
DA:99,2
DA:100,2
DA:102,4
DA:103,2
DA:106,2
LF:43
LH:43
end_of_record
SF:lib/ui/boulder_area/widgets/boulder_area_details_itinerary_button.dart
DA:8,0
DA:9,0
DA:14,0
DA:16,0
DA:18,0
DA:20,0
DA:21,0
DA:25,0
DA:26,0
DA:29,0
DA:30,0
LF:11
LH:0
end_of_record
SF:lib/ui/core/widgets/downloads_area_button.dart
DA:16,0
DA:20,0
DA:21,0
DA:24,0
DA:27,0
DA:28,0
DA:29,0
DA:30,0
DA:31,0
DA:34,0
DA:38,0
DA:39,0
DA:40,0
DA:41,0
DA:44,0
DA:47,0
DA:51,1
DA:52,2
DA:55,1
DA:57,1
DA:58,3
DA:59,1
DA:60,2
DA:61,2
DA:62,1
DA:65,1
DA:67,1
DA:68,1
DA:78,6
DA:89,1
DA:91,1
DA:92,1
DA:94,1
DA:95,1
DA:96,1
DA:97,1
DA:99,1
DA:100,1
DA:103,0
DA:107,1
DA:110,0
DA:112,1
DA:113,3
DA:117,1
DA:118,1
DA:120,1
DA:123,1
DA:125,1
LF:48
LH:30
end_of_record
SF:lib/ui/core/widgets/modal_closing_button.dart
DA:5,5
DA:7,0
DA:9,0
DA:10,0
DA:11,0
DA:13,0
DA:14,0
DA:15,0
LF:8
LH:1
end_of_record
SF:lib/ui/core/widgets/bar_chart_title.dart
DA:4,2
DA:11,2
DA:13,2
DA:15,2
DA:16,2
DA:17,8
LF:6
LH:6
end_of_record
SF:lib/ui/core/widgets/boulder_list_builder_back_to_top_button.dart
DA:5,0
DA:8,0
DA:10,0
DA:14,0
DA:17,0
DA:19,0
LF:6
LH:0
end_of_record
SF:lib/ui/core/widgets/boulder_list_builder_filter_button.dart
DA:9,5
DA:11,0
DA:13,0
DA:14,0
DA:15,0
DA:17,0
DA:18,0
DA:21,0
DA:24,0
DA:25,0
DA:28,0
DA:38,0
DA:42,0
DA:43,0
LF:14
LH:1
end_of_record
SF:lib/ui/core/widgets/boulder_list_builder_results.dart
DA:5,0
DA:8,0
DA:10,0
DA:12,0
DA:13,0
DA:14,0
DA:15,0
DA:16,0
DA:17,0
DA:20,0
DA:21,0
LF:11
LH:0
end_of_record
SF:lib/ui/core/widgets/boulder_list_builder_sort_button.dart
DA:11,5
DA:13,0
DA:15,0
DA:16,0
DA:17,0
DA:18,0
DA:24,0
DA:25,0
DA:31,0
DA:32,0
DA:40,0
DA:41,0
DA:43,0
LF:13
LH:1
end_of_record
SF:lib/ui/core/widgets/boulder_list_builder_tile.dart
DA:13,0
DA:22,0
DA:24,0
DA:25,0
DA:26,0
DA:27,0
DA:28,0
DA:29,0
DA:34,0
DA:36,0
DA:40,0
DA:44,0
DA:45,0
DA:48,0
DA:50,0
DA:51,0
DA:53,0
DA:54,0
DA:55,0
DA:56,0
DA:58,0
DA:60,0
DA:61,0
DA:62,0
DA:63,0
DA:64,0
DA:65,0
DA:66,0
DA:67,0
DA:68,0
DA:71,0
DA:74,0
DA:78,0
DA:79,0
DA:80,0
DA:81,0
DA:82,0
DA:85,0
DA:88,0
LF:39
LH:0
end_of_record
SF:lib/ui/core/widgets/empty_list_indicator.dart
DA:8,6
DA:13,1
DA:14,1
DA:15,1
DA:17,1
DA:18,0
LF:6
LH:5
end_of_record
SF:lib/ui/core/widgets/error_indicator.dart
DA:9,0
DA:14,0
DA:15,0
DA:16,0
DA:18,0
LF:5
LH:0
end_of_record
SF:lib/ui/core/widgets/boulder_list_builder_filter_modal.dart
DA:10,5
DA:12,0
DA:13,0
DA:16,0
DA:18,0
DA:21,0
DA:22,0
DA:23,0
DA:27,0
DA:29,0
DA:30,0
DA:31,0
DA:32,0
DA:34,0
DA:35,0
DA:37,0
LF:16
LH:1
end_of_record
SF:lib/ui/core/widgets/boulder_list_builder_filter_grade.dart
DA:10,1
DA:14,1
DA:16,1
DA:23,1
DA:25,1
DA:27,5
DA:28,1
DA:30,1
DA:31,2
DA:33,6
DA:36,0
DA:37,0
DA:39,0
DA:40,0
DA:42,0
DA:43,0
DA:44,0
DA:45,0
DA:48,0
DA:50,0
DA:56,1
DA:58,4
DA:61,0
DA:64,1
DA:65,1
DA:66,1
DA:67,1
DA:69,1
DA:70,1
DA:71,1
DA:72,1
DA:73,1
DA:74,3
DA:76,1
DA:78,1
DA:79,1
DA:80,5
DA:81,1
DA:88,1
DA:89,1
DA:90,1
DA:91,4
DA:92,1
DA:94,1
DA:95,1
DA:96,5
DA:97,1
DA:107,1
DA:109,1
DA:110,1
DA:111,4
DA:116,1
DA:117,2
DA:118,1
DA:121,1
DA:122,6
DA:123,1
DA:124,1
DA:126,1
DA:127,5
DA:128,1
DA:129,4
DA:131,1
DA:136,2
DA:137,1
DA:140,0
LF:66
LH:54
end_of_record
SF:lib/ui/core/widgets/sort_button.dart
DA:8,2
DA:21,2
DA:22,2
DA:28,2
DA:30,6
DA:31,2
DA:34,2
DA:36,2
DA:38,2
DA:39,2
DA:42,6
DA:45,2
DA:46,2
DA:49,4
DA:52,2
DA:53,4
DA:54,2
DA:56,2
DA:58,2
DA:59,2
DA:60,2
DA:64,4
DA:65,2
DA:67,6
DA:68,4
DA:70,2
DA:72,2
DA:73,4
DA:74,2
DA:75,2
DA:77,4
LF:31
LH:31
end_of_record
SF:lib/ui/core/widgets/exception_indicator.dart
DA:6,1
DA:18,1
DA:19,1
DA:20,1
DA:22,1
DA:23,1
DA:24,2
DA:26,1
DA:27,1
DA:29,3
DA:31,1
DA:32,1
DA:34,2
DA:36,1
DA:37,1
DA:38,0
DA:41,0
DA:42,0
DA:44,0
DA:45,0
LF:20
LH:15
end_of_record
SF:lib/ui/core/widgets/my_map_location_button.dart
DA:8,1
DA:20,1
DA:22,1
DA:23,1
DA:24,1
DA:26,1
DA:27,1
DA:28,2
DA:33,1
DA:35,1
DA:36,2
DA:41,2
DA:43,1
DA:44,1
DA:48,1
DA:50,1
DA:54,1
DA:55,1
DA:56,1
DA:57,1
DA:62,2
DA:64,2
LF:22
LH:22
end_of_record
SF:lib/ui/core/widgets/my_map_switch_style_button.dart
DA:7,1
DA:16,1
DA:18,1
DA:19,1
DA:21,3
DA:22,2
DA:23,3
DA:25,4
DA:28,2
DA:31,1
DA:33,2
LF:11
LH:11
end_of_record
SF:lib/ui/terms_of_use/widgets/terms_of_use_dialog.dart
DA:10,0
DA:14,0
DA:16,0
DA:18,0
DA:19,0
DA:20,0
DA:22,0
DA:23,0
DA:24,0
DA:25,0
DA:29,0
DA:31,0
DA:33,0
DA:34,0
DA:35,0
DA:37,0
DA:40,0
DA:44,0
DA:45,0
DA:47,0
DA:48,0
DA:49,0
DA:50,0
DA:54,0
DA:56,0
DA:63,0
LF:26
LH:0
end_of_record
SF:lib/ui/core/widgets/widget_config.dart
DA:6,18
DA:10,18
DA:12,18
DA:14,18
DA:15,18
DA:16,2
DA:18,18
LF:7
LH:7
end_of_record
SF:lib/ui/department/view_models/list_departments_view_model.dart
DA:11,1
DA:12,1
DA:13,2
DA:15,1
DA:18,1
DA:19,1
DA:20,2
DA:22,2
DA:27,1
DA:32,1
DA:33,2
DA:39,5
DA:46,6
LF:13
LH:13
end_of_record
SF:lib/ui/download/view_models/downloaded_boulder_area_view_model.dart
DA:10,1
DA:11,1
DA:12,2
DA:14,1
DA:17,1
DA:18,1
DA:19,2
DA:21,2
DA:26,1
DA:33,1
DA:34,3
DA:40,5
DA:48,6
LF:13
LH:13
end_of_record
SF:lib/ui/download/view_models/downloaded_boulder_view_model.dart
DA:10,1
DA:14,1
DA:15,2
DA:17,1
DA:20,1
DA:21,1
DA:22,2
DA:24,2
DA:29,1
DA:37,1
DA:38,2
DA:39,1
DA:40,1
DA:47,5
DA:55,6
LF:15
LH:15
end_of_record
SF:lib/ui/download/view_models/list_downloaded_boulder_areas_view_model.dart
DA:17,1
DA:18,1
DA:19,2
DA:21,2
DA:24,1
DA:26,2
DA:28,1
DA:29,4
DA:31,1
DA:34,2
DA:39,0
DA:40,0
DA:43,0
DA:49,1
DA:63,1
DA:66,2
DA:69,1
DA:71,2
DA:72,1
DA:79,6
DA:89,6
LF:21
LH:18
end_of_record
SF:lib/ui/download/widgets/downloads_sort_button.dart
DA:9,1
DA:19,1
DA:21,1
DA:23,1
DA:24,1
DA:25,1
DA:31,1
DA:34,4
DA:40,1
DA:43,4
DA:50,1
DA:52,1
DA:53,1
DA:54,2
LF:14
LH:14
end_of_record
SF:lib/ui/locale/view_models/locale_view_model.dart
DA:14,3
DA:15,1
DA:16,0
DA:17,0
DA:18,0
DA:20,0
DA:24,1
DA:25,1
DA:27,1
DA:30,1
DA:32,3
DA:33,1
DA:35,1
DA:41,1
DA:43,1
DA:44,1
DA:46,1
DA:49,1
DA:51,1
DA:60,0
LF:20
LH:15
end_of_record
SF:lib/ui/locale/widgets/locale_switch.dart
DA:9,0
DA:18,0
DA:20,0
DA:21,0
DA:31,0
DA:32,0
DA:33,0
DA:37,0
DA:38,0
DA:41,0
DA:43,0
DA:45,0
DA:46,0
DA:53,0
DA:54,0
DA:55,0
DA:56,0
DA:57,0
DA:58,0
DA:63,0
LF:20
LH:0
end_of_record
SF:lib/ui/map/view_models/map_screen_view_model.dart
DA:10,1
DA:11,1
DA:20,2
DA:22,1
DA:24,1
DA:25,1
DA:26,2
DA:27,2
DA:28,2
DA:33,2
DA:35,1
DA:36,1
DA:37,1
DA:41,2
DA:47,1
DA:48,1
DA:49,2
DA:50,2
DA:51,2
DA:57,0
DA:58,0
DA:59,0
DA:60,0
DA:61,0
DA:63,0
DA:64,0
DA:69,2
DA:74,1
DA:77,1
DA:82,1
DA:84,1
DA:85,1
DA:97,0
LF:33
LH:25
end_of_record
SF:lib/ui/municipality/view_models/municipality_view_model.dart
DA:10,1
DA:11,1
DA:12,2
DA:14,1
DA:17,1
DA:18,1
DA:19,2
DA:21,2
DA:26,1
DA:32,1
DA:33,3
DA:39,5
DA:46,6
LF:13
LH:13
end_of_record
SF:lib/ui/municipality/widgets/municipality_details.dart
DA:11,1
DA:12,1
DA:13,4
DA:14,1
DA:15,1
DA:16,1
DA:22,1
DA:24,1
DA:25,3
DA:26,3
DA:29,1
DA:30,1
DA:32,2
DA:33,1
DA:34,2
DA:36,1
DA:38,2
DA:42,1
DA:43,1
DA:44,2
DA:47,1
DA:49,1
DA:50,1
DA:51,1
DA:53,1
DA:54,1
DA:55,1
DA:56,2
DA:61,1
DA:62,1
DA:63,2
DA:64,2
DA:65,3
DA:69,1
DA:71,1
LF:35
LH:35
end_of_record
SF:lib/ui/municipality/widgets/municipality_details_boulder_area_item.dart
DA:8,1
DA:15,1
DA:17,3
DA:18,1
DA:19,3
DA:20,1
DA:22,0
DA:23,0
DA:25,0
DA:26,0
DA:27,0
LF:11
LH:6
end_of_record
SF:lib/ui/municipality/widgets/municipality_map.dart
DA:12,1
DA:21,0
DA:23,0
DA:24,0
DA:25,0
DA:26,0
DA:27,0
DA:28,0
DA:33,0
DA:35,0
DA:37,0
DA:41,0
DA:43,0
DA:44,0
DA:46,0
DA:47,0
DA:48,0
DA:49,0
DA:51,0
DA:56,0
DA:59,0
DA:60,0
DA:61,0
DA:62,0
DA:64,0
DA:65,0
DA:66,0
DA:67,0
DA:68,0
DA:69,0
DA:71,0
DA:72,0
DA:73,0
DA:74,0
DA:76,0
DA:78,0
LF:36
LH:1
end_of_record
SF:lib/ui/my_material_app.dart
DA:7,18
DA:13,18
DA:15,18
DA:16,36
DA:17,36
DA:18,36
DA:19,18
DA:23,18
DA:25,18
DA:26,18
LF:10
LH:10
end_of_record
SF:lib/ui/terms_of_use/view_models/terms_of_use_view_model.dart
DA:8,2
DA:9,2
DA:11,1
DA:12,1
DA:13,1
DA:14,1
DA:18,1
DA:24,1
DA:26,2
DA:27,1
DA:31,1
DA:32,1
DA:33,2
DA:39,5
LF:14
LH:14
end_of_record
SF:lib/data/repositories/boulder_feedback/boulder_feedback_repository_impl.dart
DA:8,1
DA:12,1
DA:14,2
LF:3
LH:3
end_of_record
SF:lib/data/data_sources/api/dio/bearer_interceptor.dart
DA:5,1
DA:10,1
DA:15,4
DA:16,2
DA:17,2
DA:18,5
DA:20,1
DA:23,1
DA:28,3
DA:29,1
DA:31,2
DA:34,1
DA:36,1
DA:37,2
DA:38,6
DA:41,2
DA:42,2
DA:43,1
DA:44,2
DA:46,2
DA:48,2
DA:49,2
DA:50,2
DA:52,1
DA:53,1
DA:54,0
DA:56,1
DA:59,1
DA:60,1
LF:29
LH:28
end_of_record
